<?xml version="1.0" encoding="UTF-8"?>
<robot generator="Robot 3.2.1 (Python 3.8.2 on win32)" generated="20200604 03:12:10.640" rpa="false">
<suite id="s1" name="TC 01" source="C:\Users\hp\PycharmProjects\RF_Automation\TestCases\TC_01.robot">
<test id="s1-t1" name="Tc_001_Login Logout Functionality">
<kw name="Open My Browser" library="LoginKeywords">
<arguments>
<arg>${URL}</arg>
<arg>Chrome</arg>
</arguments>
<kw name="Open Browser" library="SeleniumLibrary">
<doc>Opens a new browser instance to the optional ``url``.</doc>
<arguments>
<arg>${URL}</arg>
<arg>${Browser}</arg>
</arguments>
<msg timestamp="20200604 03:12:11.469" level="INFO">Opening browser 'Chrome' to base url 'https://www.testyou.in/Login.aspx'.</msg>
<status status="PASS" starttime="20200604 03:12:11.468" endtime="20200604 03:12:16.703"></status>
</kw>
<kw name="Maximize Browser Window" library="SeleniumLibrary">
<doc>Maximizes current browser window.</doc>
<status status="PASS" starttime="20200604 03:12:16.704" endtime="20200604 03:12:17.866"></status>
</kw>
<kw name="Sleep" library="BuiltIn">
<doc>Pauses the test executed for the given time.</doc>
<arguments>
<arg>2 seconds</arg>
</arguments>
<msg timestamp="20200604 03:12:19.867" level="INFO">Slept 2 seconds</msg>
<status status="PASS" starttime="20200604 03:12:17.866" endtime="20200604 03:12:19.867"></status>
</kw>
<status status="PASS" starttime="20200604 03:12:11.468" endtime="20200604 03:12:19.868"></status>
</kw>
<kw name="Read Number Of Rows" library="UserKeywords">
<arguments>
<arg>Sheet1</arg>
</arguments>
<assign>
<var>${row}</var>
</assign>
<kw name="Fetch No Of Rows" library="ReadData">
<arguments>
<arg>${Sheetname}</arg>
</arguments>
<assign>
<var>${maxr}</var>
</assign>
<msg timestamp="20200604 03:12:19.872" level="INFO">${maxr} = 4</msg>
<status status="PASS" starttime="20200604 03:12:19.871" endtime="20200604 03:12:19.872"></status>
</kw>
<msg timestamp="20200604 03:12:19.873" level="INFO">${row} = 4</msg>
<status status="PASS" starttime="20200604 03:12:19.870" endtime="20200604 03:12:19.873"></status>
</kw>
<kw name="${i} IN RANGE [ 1 | ${row} ]" type="for">
<msg timestamp="20200604 03:12:19.873" level="WARN">Error in file 'C:\Users\hp\PycharmProjects\RF_Automation\TestCases\TC_01.robot' in FOR loop starting on line 22: For loop header ': FOR' is deprecated. Use 'FOR' instead.</msg>
<kw name="${i} = 1" type="foritem">
<kw name="Read Excel Cell data" library="UserKeywords">
<arguments>
<arg>Sheet1</arg>
<arg>${i}</arg>
<arg>1</arg>
</arguments>
<assign>
<var>${username}</var>
</assign>
<kw name="Fetch Cell Data" library="ReadData">
<arguments>
<arg>${Sheetname}</arg>
<arg>${row}</arg>
<arg>${cell}</arg>
</arguments>
<assign>
<var>${celldata}</var>
</assign>
<msg timestamp="20200604 03:12:19.877" level="INFO">${celldata} = user1</msg>
<status status="PASS" starttime="20200604 03:12:19.876" endtime="20200604 03:12:19.877"></status>
</kw>
<msg timestamp="20200604 03:12:19.877" level="INFO">${username} = user1</msg>
<status status="PASS" starttime="20200604 03:12:19.875" endtime="20200604 03:12:19.877"></status>
</kw>
<kw name="Read Excel Cell data" library="UserKeywords">
<arguments>
<arg>Sheet1</arg>
<arg>${i}</arg>
<arg>2</arg>
</arguments>
<assign>
<var>${password}</var>
</assign>
<kw name="Fetch Cell Data" library="ReadData">
<arguments>
<arg>${Sheetname}</arg>
<arg>${row}</arg>
<arg>${cell}</arg>
</arguments>
<assign>
<var>${celldata}</var>
</assign>
<msg timestamp="20200604 03:12:19.879" level="INFO">${celldata} = pass1</msg>
<status status="PASS" starttime="20200604 03:12:19.879" endtime="20200604 03:12:19.879"></status>
</kw>
<msg timestamp="20200604 03:12:19.880" level="INFO">${password} = pass1</msg>
<status status="PASS" starttime="20200604 03:12:19.878" endtime="20200604 03:12:19.880"></status>
</kw>
<kw name="Enter UserName" library="LoginKeywords">
<arguments>
<arg>${username}</arg>
</arguments>
<kw name="Input Text" library="SeleniumLibrary">
<doc>Types the given ``text`` into the text field identified by ``locator``.</doc>
<arguments>
<arg>${txt_LoginUserName}</arg>
<arg>${username}</arg>
</arguments>
<msg timestamp="20200604 03:12:19.882" level="INFO">Typing text 'user1' into text field 'id:ctl00_CPHContainer_txtUserLogin'.</msg>
<status status="PASS" starttime="20200604 03:12:19.882" endtime="20200604 03:12:20.028"></status>
</kw>
<status status="PASS" starttime="20200604 03:12:19.881" endtime="20200604 03:12:20.028"></status>
</kw>
<kw name="Enter Password" library="LoginKeywords">
<arguments>
<arg>${password}</arg>
</arguments>
<kw name="Input Text" library="SeleniumLibrary">
<doc>Types the given ``text`` into the text field identified by ``locator``.</doc>
<arguments>
<arg>${txt_LoginUserPwd}</arg>
<arg>${password}</arg>
</arguments>
<msg timestamp="20200604 03:12:20.030" level="INFO">Typing text 'pass1' into text field 'id:ctl00_CPHContainer_txtPassword'.</msg>
<status status="PASS" starttime="20200604 03:12:20.029" endtime="20200604 03:12:20.195"></status>
</kw>
<status status="PASS" starttime="20200604 03:12:20.029" endtime="20200604 03:12:20.195"></status>
</kw>
<kw name="Click Submit" library="LoginKeywords">
<kw name="Click Button" library="SeleniumLibrary">
<doc>Clicks the button identified by ``locator``.</doc>
<arguments>
<arg>${submit_btn_click}</arg>
</arguments>
<msg timestamp="20200604 03:12:20.196" level="INFO">Clicking button 'name:ctl00$CPHContainer$btnLoginn'.</msg>
<status status="PASS" starttime="20200604 03:12:20.196" endtime="20200604 03:12:21.331"></status>
</kw>
<status status="PASS" starttime="20200604 03:12:20.195" endtime="20200604 03:12:21.332"></status>
</kw>
<kw name="Sleep" library="BuiltIn">
<doc>Pauses the test executed for the given time.</doc>
<arguments>
<arg>5 seconds</arg>
</arguments>
<msg timestamp="20200604 03:12:26.333" level="INFO">Slept 5 seconds</msg>
<status status="PASS" starttime="20200604 03:12:21.332" endtime="20200604 03:12:26.333"></status>
</kw>
<kw name="Log To Console" library="BuiltIn">
<doc>Logs the given message to the console.</doc>
<arguments>
<arg>${i}</arg>
</arguments>
<status status="PASS" starttime="20200604 03:12:26.333" endtime="20200604 03:12:26.334"></status>
</kw>
<status status="PASS" starttime="20200604 03:12:19.874" endtime="20200604 03:12:26.334"></status>
</kw>
<kw name="${i} = 2" type="foritem">
<kw name="Read Excel Cell data" library="UserKeywords">
<arguments>
<arg>Sheet1</arg>
<arg>${i}</arg>
<arg>1</arg>
</arguments>
<assign>
<var>${username}</var>
</assign>
<kw name="Fetch Cell Data" library="ReadData">
<arguments>
<arg>${Sheetname}</arg>
<arg>${row}</arg>
<arg>${cell}</arg>
</arguments>
<assign>
<var>${celldata}</var>
</assign>
<msg timestamp="20200604 03:12:26.337" level="INFO">${celldata} = user2</msg>
<status status="PASS" starttime="20200604 03:12:26.336" endtime="20200604 03:12:26.337"></status>
</kw>
<msg timestamp="20200604 03:12:26.338" level="INFO">${username} = user2</msg>
<status status="PASS" starttime="20200604 03:12:26.335" endtime="20200604 03:12:26.338"></status>
</kw>
<kw name="Read Excel Cell data" library="UserKeywords">
<arguments>
<arg>Sheet1</arg>
<arg>${i}</arg>
<arg>2</arg>
</arguments>
<assign>
<var>${password}</var>
</assign>
<kw name="Fetch Cell Data" library="ReadData">
<arguments>
<arg>${Sheetname}</arg>
<arg>${row}</arg>
<arg>${cell}</arg>
</arguments>
<assign>
<var>${celldata}</var>
</assign>
<msg timestamp="20200604 03:12:26.341" level="INFO">${celldata} = pass2</msg>
<status status="PASS" starttime="20200604 03:12:26.339" endtime="20200604 03:12:26.341"></status>
</kw>
<msg timestamp="20200604 03:12:26.342" level="INFO">${password} = pass2</msg>
<status status="PASS" starttime="20200604 03:12:26.338" endtime="20200604 03:12:26.342"></status>
</kw>
<kw name="Enter UserName" library="LoginKeywords">
<arguments>
<arg>${username}</arg>
</arguments>
<kw name="Input Text" library="SeleniumLibrary">
<doc>Types the given ``text`` into the text field identified by ``locator``.</doc>
<arguments>
<arg>${txt_LoginUserName}</arg>
<arg>${username}</arg>
</arguments>
<msg timestamp="20200604 03:12:26.343" level="INFO">Typing text 'user2' into text field 'id:ctl00_CPHContainer_txtUserLogin'.</msg>
<status status="PASS" starttime="20200604 03:12:26.342" endtime="20200604 03:12:26.503"></status>
</kw>
<status status="PASS" starttime="20200604 03:12:26.342" endtime="20200604 03:12:26.503"></status>
</kw>
<kw name="Enter Password" library="LoginKeywords">
<arguments>
<arg>${password}</arg>
</arguments>
<kw name="Input Text" library="SeleniumLibrary">
<doc>Types the given ``text`` into the text field identified by ``locator``.</doc>
<arguments>
<arg>${txt_LoginUserPwd}</arg>
<arg>${password}</arg>
</arguments>
<msg timestamp="20200604 03:12:26.505" level="INFO">Typing text 'pass2' into text field 'id:ctl00_CPHContainer_txtPassword'.</msg>
<status status="PASS" starttime="20200604 03:12:26.505" endtime="20200604 03:12:26.626"></status>
</kw>
<status status="PASS" starttime="20200604 03:12:26.503" endtime="20200604 03:12:26.626"></status>
</kw>
<kw name="Click Submit" library="LoginKeywords">
<kw name="Click Button" library="SeleniumLibrary">
<doc>Clicks the button identified by ``locator``.</doc>
<arguments>
<arg>${submit_btn_click}</arg>
</arguments>
<msg timestamp="20200604 03:12:26.627" level="INFO">Clicking button 'name:ctl00$CPHContainer$btnLoginn'.</msg>
<status status="PASS" starttime="20200604 03:12:26.627" endtime="20200604 03:12:27.691"></status>
</kw>
<status status="PASS" starttime="20200604 03:12:26.626" endtime="20200604 03:12:27.691"></status>
</kw>
<kw name="Sleep" library="BuiltIn">
<doc>Pauses the test executed for the given time.</doc>
<arguments>
<arg>5 seconds</arg>
</arguments>
<msg timestamp="20200604 03:12:32.692" level="INFO">Slept 5 seconds</msg>
<status status="PASS" starttime="20200604 03:12:27.691" endtime="20200604 03:12:32.692"></status>
</kw>
<kw name="Log To Console" library="BuiltIn">
<doc>Logs the given message to the console.</doc>
<arguments>
<arg>${i}</arg>
</arguments>
<status status="PASS" starttime="20200604 03:12:32.692" endtime="20200604 03:12:32.693"></status>
</kw>
<status status="PASS" starttime="20200604 03:12:26.335" endtime="20200604 03:12:32.693"></status>
</kw>
<kw name="${i} = 3" type="foritem">
<kw name="Read Excel Cell data" library="UserKeywords">
<arguments>
<arg>Sheet1</arg>
<arg>${i}</arg>
<arg>1</arg>
</arguments>
<assign>
<var>${username}</var>
</assign>
<kw name="Fetch Cell Data" library="ReadData">
<arguments>
<arg>${Sheetname}</arg>
<arg>${row}</arg>
<arg>${cell}</arg>
</arguments>
<assign>
<var>${celldata}</var>
</assign>
<msg timestamp="20200604 03:12:32.696" level="INFO">${celldata} = user3</msg>
<status status="PASS" starttime="20200604 03:12:32.695" endtime="20200604 03:12:32.696"></status>
</kw>
<msg timestamp="20200604 03:12:32.696" level="INFO">${username} = user3</msg>
<status status="PASS" starttime="20200604 03:12:32.694" endtime="20200604 03:12:32.696"></status>
</kw>
<kw name="Read Excel Cell data" library="UserKeywords">
<arguments>
<arg>Sheet1</arg>
<arg>${i}</arg>
<arg>2</arg>
</arguments>
<assign>
<var>${password}</var>
</assign>
<kw name="Fetch Cell Data" library="ReadData">
<arguments>
<arg>${Sheetname}</arg>
<arg>${row}</arg>
<arg>${cell}</arg>
</arguments>
<assign>
<var>${celldata}</var>
</assign>
<msg timestamp="20200604 03:12:32.699" level="INFO">${celldata} = pass3</msg>
<status status="PASS" starttime="20200604 03:12:32.698" endtime="20200604 03:12:32.699"></status>
</kw>
<msg timestamp="20200604 03:12:32.699" level="INFO">${password} = pass3</msg>
<status status="PASS" starttime="20200604 03:12:32.697" endtime="20200604 03:12:32.699"></status>
</kw>
<kw name="Enter UserName" library="LoginKeywords">
<arguments>
<arg>${username}</arg>
</arguments>
<kw name="Input Text" library="SeleniumLibrary">
<doc>Types the given ``text`` into the text field identified by ``locator``.</doc>
<arguments>
<arg>${txt_LoginUserName}</arg>
<arg>${username}</arg>
</arguments>
<msg timestamp="20200604 03:12:32.701" level="INFO">Typing text 'user3' into text field 'id:ctl00_CPHContainer_txtUserLogin'.</msg>
<status status="PASS" starttime="20200604 03:12:32.700" endtime="20200604 03:12:32.841"></status>
</kw>
<status status="PASS" starttime="20200604 03:12:32.699" endtime="20200604 03:12:32.841"></status>
</kw>
<kw name="Enter Password" library="LoginKeywords">
<arguments>
<arg>${password}</arg>
</arguments>
<kw name="Input Text" library="SeleniumLibrary">
<doc>Types the given ``text`` into the text field identified by ``locator``.</doc>
<arguments>
<arg>${txt_LoginUserPwd}</arg>
<arg>${password}</arg>
</arguments>
<msg timestamp="20200604 03:12:32.842" level="INFO">Typing text 'pass3' into text field 'id:ctl00_CPHContainer_txtPassword'.</msg>
<status status="PASS" starttime="20200604 03:12:32.842" endtime="20200604 03:12:32.971"></status>
</kw>
<status status="PASS" starttime="20200604 03:12:32.841" endtime="20200604 03:12:32.972"></status>
</kw>
<kw name="Click Submit" library="LoginKeywords">
<kw name="Click Button" library="SeleniumLibrary">
<doc>Clicks the button identified by ``locator``.</doc>
<arguments>
<arg>${submit_btn_click}</arg>
</arguments>
<msg timestamp="20200604 03:12:32.973" level="INFO">Clicking button 'name:ctl00$CPHContainer$btnLoginn'.</msg>
<status status="PASS" starttime="20200604 03:12:32.972" endtime="20200604 03:12:33.864"></status>
</kw>
<status status="PASS" starttime="20200604 03:12:32.972" endtime="20200604 03:12:33.864"></status>
</kw>
<kw name="Sleep" library="BuiltIn">
<doc>Pauses the test executed for the given time.</doc>
<arguments>
<arg>5 seconds</arg>
</arguments>
<msg timestamp="20200604 03:12:38.865" level="INFO">Slept 5 seconds</msg>
<status status="PASS" starttime="20200604 03:12:33.864" endtime="20200604 03:12:38.865"></status>
</kw>
<kw name="Log To Console" library="BuiltIn">
<doc>Logs the given message to the console.</doc>
<arguments>
<arg>${i}</arg>
</arguments>
<status status="PASS" starttime="20200604 03:12:38.865" endtime="20200604 03:12:38.866"></status>
</kw>
<status status="PASS" starttime="20200604 03:12:32.693" endtime="20200604 03:12:38.866"></status>
</kw>
<status status="PASS" starttime="20200604 03:12:19.873" endtime="20200604 03:12:38.866"></status>
</kw>
<kw name="Close My Browser" library="LoginKeywords">
<kw name="Close Browser" library="SeleniumLibrary">
<doc>Closes the current browser.</doc>
<status status="PASS" starttime="20200604 03:12:38.867" endtime="20200604 03:12:41.241"></status>
</kw>
<status status="PASS" starttime="20200604 03:12:38.866" endtime="20200604 03:12:41.241"></status>
</kw>
<status status="PASS" starttime="20200604 03:12:11.467" endtime="20200604 03:12:41.242" critical="yes"></status>
</test>
<status status="PASS" starttime="20200604 03:12:10.643" endtime="20200604 03:12:41.243"></status>
</suite>
<statistics>
<total>
<stat pass="1" fail="0">Critical Tests</stat>
<stat pass="1" fail="0">All Tests</stat>
</total>
<tag>
</tag>
<suite>
<stat pass="1" fail="0" id="s1" name="TC 01">TC 01</stat>
</suite>
</statistics>
<errors>
<msg timestamp="20200604 03:12:19.873" level="WARN">Error in file 'C:\Users\hp\PycharmProjects\RF_Automation\TestCases\TC_01.robot' in FOR loop starting on line 22: For loop header ': FOR' is deprecated. Use 'FOR' instead.</msg>
</errors>
</robot>
