<?xml version="1.0" encoding="UTF-8"?>
<robot generator="Robot 3.2.1 (Python 3.8.2 on win32)" generated="20200508 20:03:03.090" rpa="false">
<suite id="s1" name="Suites">
<suite id="s1-s1" name="FOrLoop" source="C:\Users\hp\PycharmProjects\RF_Automation\TestCases\FOrLoop.robot">
<test id="s1-s1-t1" name="ForLoop1">
<kw name="${i} IN RANGE [ 1 | 10 ]" type="for">
<kw name="${i} = 1" type="foritem">
<kw name="Log To Console" library="BuiltIn">
<doc>Logs the given message to the console.</doc>
<arguments>
<arg>${i}</arg>
</arguments>
<status status="PASS" starttime="20200508 20:03:03.139" endtime="20200508 20:03:03.139"></status>
</kw>
<status status="PASS" starttime="20200508 20:03:03.139" endtime="20200508 20:03:03.139"></status>
</kw>
<kw name="${i} = 2" type="foritem">
<kw name="Log To Console" library="BuiltIn">
<doc>Logs the given message to the console.</doc>
<arguments>
<arg>${i}</arg>
</arguments>
<status status="PASS" starttime="20200508 20:03:03.140" endtime="20200508 20:03:03.140"></status>
</kw>
<status status="PASS" starttime="20200508 20:03:03.140" endtime="20200508 20:03:03.140"></status>
</kw>
<kw name="${i} = 3" type="foritem">
<kw name="Log To Console" library="BuiltIn">
<doc>Logs the given message to the console.</doc>
<arguments>
<arg>${i}</arg>
</arguments>
<status status="PASS" starttime="20200508 20:03:03.140" endtime="20200508 20:03:03.141"></status>
</kw>
<status status="PASS" starttime="20200508 20:03:03.140" endtime="20200508 20:03:03.141"></status>
</kw>
<kw name="${i} = 4" type="foritem">
<kw name="Log To Console" library="BuiltIn">
<doc>Logs the given message to the console.</doc>
<arguments>
<arg>${i}</arg>
</arguments>
<status status="PASS" starttime="20200508 20:03:03.141" endtime="20200508 20:03:03.141"></status>
</kw>
<status status="PASS" starttime="20200508 20:03:03.141" endtime="20200508 20:03:03.141"></status>
</kw>
<kw name="${i} = 5" type="foritem">
<kw name="Log To Console" library="BuiltIn">
<doc>Logs the given message to the console.</doc>
<arguments>
<arg>${i}</arg>
</arguments>
<status status="PASS" starttime="20200508 20:03:03.142" endtime="20200508 20:03:03.142"></status>
</kw>
<status status="PASS" starttime="20200508 20:03:03.141" endtime="20200508 20:03:03.142"></status>
</kw>
<kw name="${i} = 6" type="foritem">
<kw name="Log To Console" library="BuiltIn">
<doc>Logs the given message to the console.</doc>
<arguments>
<arg>${i}</arg>
</arguments>
<status status="PASS" starttime="20200508 20:03:03.142" endtime="20200508 20:03:03.143"></status>
</kw>
<status status="PASS" starttime="20200508 20:03:03.142" endtime="20200508 20:03:03.143"></status>
</kw>
<kw name="${i} = 7" type="foritem">
<kw name="Log To Console" library="BuiltIn">
<doc>Logs the given message to the console.</doc>
<arguments>
<arg>${i}</arg>
</arguments>
<status status="PASS" starttime="20200508 20:03:03.143" endtime="20200508 20:03:03.143"></status>
</kw>
<status status="PASS" starttime="20200508 20:03:03.143" endtime="20200508 20:03:03.143"></status>
</kw>
<kw name="${i} = 8" type="foritem">
<kw name="Log To Console" library="BuiltIn">
<doc>Logs the given message to the console.</doc>
<arguments>
<arg>${i}</arg>
</arguments>
<status status="PASS" starttime="20200508 20:03:03.144" endtime="20200508 20:03:03.144"></status>
</kw>
<status status="PASS" starttime="20200508 20:03:03.143" endtime="20200508 20:03:03.144"></status>
</kw>
<kw name="${i} = 9" type="foritem">
<kw name="Log To Console" library="BuiltIn">
<doc>Logs the given message to the console.</doc>
<arguments>
<arg>${i}</arg>
</arguments>
<status status="PASS" starttime="20200508 20:03:03.144" endtime="20200508 20:03:03.145"></status>
</kw>
<status status="PASS" starttime="20200508 20:03:03.144" endtime="20200508 20:03:03.145"></status>
</kw>
<status status="PASS" starttime="20200508 20:03:03.138" endtime="20200508 20:03:03.145"></status>
</kw>
<status status="PASS" starttime="20200508 20:03:03.138" endtime="20200508 20:03:03.145" critical="yes"></status>
</test>
<status status="PASS" starttime="20200508 20:03:03.134" endtime="20200508 20:03:03.145"></status>
</suite>
<status status="PASS" starttime="20200508 20:03:03.093" endtime="20200508 20:03:03.147"></status>
</suite>
<statistics>
<total>
<stat pass="1" fail="0">Critical Tests</stat>
<stat pass="1" fail="0">All Tests</stat>
</total>
<tag>
</tag>
<suite>
<stat pass="1" fail="0" id="s1" name="Suites">Suites</stat>
<stat pass="1" fail="0" id="s1-s1" name="FOrLoop">Suites.FOrLoop</stat>
</suite>
</statistics>
<errors>
</errors>
</robot>
